<?xml version="1.0" encoding="UTF-8"?>
<!-- Generated by org.testng.reporters.JUnitReportReporter -->
<testsuite skipped="0" hostname="Mds-MBP-3" name="allTest.TestHomePage" tests="2" failures="0" timestamp="2020-03-26T15:47:26 EDT" time="12.497" errors="0">
  <testcase name="validateTitle" time="3.811" classname="allTest.TestHomePage"/>
  <system-out/>
  <testcase name="ValidateSearching" time="8.686" classname="allTest.TestHomePage"/>
  <system-out/>
</testsuite> <!-- allTest.TestHomePage -->
